{"message":{"error":{"code":"PROTOCOL_ENQUEUE_AFTER_FATAL_ERROR","fatal":false},"where":"GET /finished_good/dispatch SELECT * FROM finished_goods ORDER BY code","time":"2018-10-29T13:37:30.007Z"},"level":"error"}
{"message":{"where":"POST /finished_good/production UPDATE finished_goods SET stock = stock + 9 WHERE code ='jknkj'","time":"2018-10-29T14:35:40.718Z"},"level":"info"}
{"message":{"where":"POST /finished_good/production INSERT INTO production SET ?","what":{"FG_code":"jknkj","quantity":"9"},"time":"2018-10-29T14:35:40.801Z"},"level":"info"}
{"message":{"error":{"code":"ER_NO_SUCH_TABLE","errno":1146,"sqlMessage":"Table 'store.finished_goods_detail' doesn't exist","sqlState":"42S02","index":0,"sql":"SELECT raw_material_code,quantity FROM finished_goods_detail WHERE code = 'jknkj'"},"where":"POST /finished_good/production SELECT raw_material_code,quantity FROM finished_goods_detail WHERE code = 'jknkj'","time":"2018-10-29T14:35:40.806Z"},"level":"error"}
{"message":{"where":"POST /finished_good/new INSERT INTO finished_goods SET ?","what":{"code":"232","name":"fewlknf","customer":"32","category":"Fuse Box"},"time":"2018-10-29T20:32:43.014Z"},"level":"info"}
{"message":{"error":{"code":"ER_NO_SUCH_TABLE","errno":1146,"sqlMessage":"Table 'store.finished_goods_detail' doesn't exist","sqlState":"42S02","index":0,"sql":"INSERT INTO finished_goods_detail SET `code` = '232', `raw_material_code` = 'undefined', `quantity` = '12'"},"where":"POST /finished_good/new INSERT INTO finished_goods_detail SET ?","time":"2018-10-29T20:32:43.019Z"},"level":"error"}
{"message":{"error":{},"where":"POST /finished_good/new INSERT INTO finished_goods_detail SET ?","time":"2018-10-29T20:32:43.023Z"},"level":"error"}
{"message":{"error":{"code":"ER_NO_SUCH_TABLE","errno":1146,"sqlMessage":"Table 'store.finished_goods_detail' doesn't exist","sqlState":"42S02","index":0,"sql":"SELECT * FROM finished_goods_detail WHERE code='232' ORDER BY raw_material_code"},"where":"GET /finished_good/232 SELECT * FROM finished_goods_detail WHERE code='232' ORDER BY raw_material_code","time":"2018-10-29T20:32:54.948Z"},"level":"error"}
{"message":{"error":{"code":"ER_BAD_FIELD_ERROR","errno":1054,"sqlMessage":"Unknown column 'raw_material_code' in 'order clause'","sqlState":"42S22","index":0,"sql":"SELECT * FROM finished_goods_detail WHERE code='232' ORDER BY raw_material_code"},"where":"GET /finished_good/232 SELECT * FROM finished_goods_detail WHERE code='232' ORDER BY raw_material_code","time":"2018-10-29T20:34:47.375Z"},"level":"error"}
{"message":{"where":"PUT /finished_good/232?_method=PUT UPDATE finished_goods SET ? WHERE code ='232'","time":"2018-10-29T20:35:46.765Z"},"level":"info"}
{"message":{"where":"PUT /finished_good/232?_method=PUT DELETE FROM finished_goods_detail WHERE code='232'","time":"2018-10-29T20:35:46.766Z"},"level":"info"}
{"message":{"error":{},"where":"PUT /finished_good/232?_method=PUT DELETE FROM finished_goods_detail WHERE code='232'","time":"2018-10-29T20:35:46.767Z"},"level":"error"}
{"message":{"where":"PUT /finished_good/232?_method=PUT UPDATE finished_goods SET ? WHERE code ='232'","time":"2018-10-29T20:35:59.736Z"},"level":"info"}
{"message":{"where":"PUT /finished_good/232?_method=PUT DELETE FROM finished_goods_detail WHERE code='232'","time":"2018-10-29T20:35:59.737Z"},"level":"info"}
{"message":{"error":{},"where":"PUT /finished_good/232?_method=PUT DELETE FROM finished_goods_detail WHERE code='232'","time":"2018-10-29T20:35:59.737Z"},"level":"error"}
{"message":{"where":"PUT /finished_good/232?_method=PUT UPDATE finished_goods SET ? WHERE code ='232'","time":"2018-10-29T20:36:17.950Z"},"level":"info"}
{"message":{"where":"PUT /finished_good/232?_method=PUT DELETE FROM finished_goods_detail WHERE code='232'","time":"2018-10-29T20:36:17.951Z"},"level":"info"}
{"message":{"error":{},"where":"PUT /finished_good/232?_method=PUT DELETE FROM finished_goods_detail WHERE code='232'","time":"2018-10-29T20:36:17.951Z"},"level":"error"}
{"message":{"where":"PUT /finished_good/232?_method=PUT UPDATE finished_goods SET ? WHERE code ='232'","time":"2018-10-29T20:36:23.367Z"},"level":"info"}
{"message":{"where":"PUT /finished_good/232?_method=PUT DELETE FROM finished_goods_detail WHERE code='232'","time":"2018-10-29T20:36:23.367Z"},"level":"info"}
{"message":{"error":{},"where":"PUT /finished_good/232?_method=PUT DELETE FROM finished_goods_detail WHERE code='232'","time":"2018-10-29T20:36:23.367Z"},"level":"error"}
{"message":{"error":{"code":"ER_BAD_FIELD_ERROR","errno":1054,"sqlMessage":"Unknown column 'quantity' in 'field list'","sqlState":"42S22","index":0,"sql":"INSERT INTO finished_goods_detail SET `code` = '232', `raw_material_code` = '232', `quantity` = '12'"},"where":"POST /finished_good/232/new INSERT INTO finished_goods_detail SET ?","time":"2018-10-29T20:36:41.024Z"},"level":"error"}
{"message":{"error":{"code":"ER_BAD_FIELD_ERROR","errno":1054,"sqlMessage":"Unknown column 'quantity' in 'field list'","sqlState":"42S22","index":0,"sql":"INSERT INTO finished_goods_detail SET `code` = '232', `raw_material_code` = '232', `quantity` = '12'"},"where":"POST /finished_good/232/new INSERT INTO finished_goods_detail SET ?","time":"2018-10-29T20:36:59.491Z"},"level":"error"}
{"message":{"error":{"code":"ER_TRUNCATED_WRONG_VALUE","errno":1292,"sqlMessage":"Truncated incorrect DOUBLE value: 'ToolsX'","sqlState":"22007","index":0,"sql":"UPDATE finished_goods SET stock = stock + 12 WHERE code ='ToolsX'"},"where":"POST /finished_good/production UPDATE finished_goods SET stock = stock + 12 WHERE code ='ToolsX'","time":"2018-10-29T20:37:48.250Z"},"level":"error"}
{"message":{"error":{"code":"ER_TRUNCATED_WRONG_VALUE","errno":1292,"sqlMessage":"Truncated incorrect DOUBLE value: 'feeds'","sqlState":"22007","index":0,"sql":"UPDATE finished_goods SET stock = stock + 12 WHERE code ='feeds'"},"where":"POST /finished_good/production UPDATE finished_goods SET stock = stock + 12 WHERE code ='feeds'","time":"2018-10-29T20:38:11.958Z"},"level":"error"}
{"message":{"where":"POST /finished_good/new INSERT INTO finished_goods SET ?","what":{"code":"23","name":"dfwe","customer":"23","category":"Fuse Box"},"time":"2018-10-29T20:52:22.371Z"},"level":"info"}
{"message":{"error":{"code":"ER_BAD_FIELD_ERROR","errno":1054,"sqlMessage":"Unknown column 'quantity' in 'field list'","sqlState":"42S22","index":0,"sql":"INSERT INTO finished_goods_detail SET `code` = '23', `raw_material_code` = 'undefined', `quantity` = '23'"},"where":"POST /finished_good/new INSERT INTO finished_goods_detail SET ?","time":"2018-10-29T20:52:22.374Z"},"level":"error"}
{"message":{"error":{},"where":"POST /finished_good/new INSERT INTO finished_goods_detail SET ?","time":"2018-10-29T20:52:22.376Z"},"level":"error"}
{"message":{"where":"POST /finished_good/new INSERT INTO finished_goods SET ?","what":{"code":"232","name":"few","customer":"232","category":"Battery Cable"},"time":"2018-10-29T20:55:54.973Z"},"level":"info"}
{"message":{"error":{"code":"ER_BAD_FIELD_ERROR","errno":1054,"sqlMessage":"Unknown column 'quantity' in 'field list'","sqlState":"42S22","index":0,"sql":"INSERT INTO finished_goods_detail SET `code` = '232', `raw_material_code` = 'undefined', `quantity` = '12'"},"where":"POST /finished_good/new INSERT INTO finished_goods_detail SET ?","time":"2018-10-29T20:55:54.975Z"},"level":"error"}
{"message":{"error":{},"where":"POST /finished_good/new INSERT INTO finished_goods_detail SET ?","time":"2018-10-29T20:55:54.977Z"},"level":"error"}
{"message":{"where":"DELETE /finished_good/232?_method=DELETE DELETE FROM finished_goods WHERE code='232'","time":"2018-10-29T20:57:22.587Z"},"level":"info"}
{"message":{"where":"DELETE /finished_good/232?_method=DELETE DELETE FROM finished_goods_detail WHERE code='232'","time":"2018-10-29T20:57:22.589Z"},"level":"info"}
{"message":{"where":"POST /finished_good/production UPDATE finished_goods SET stock = stock + 23 WHERE code ='232'","time":"2018-10-29T20:57:52.485Z"},"level":"info"}
{"message":{"where":"POST /finished_good/production INSERT INTO production SET ?","what":{"FG_code":"232","quantity":"23"},"time":"2018-10-29T20:57:52.525Z"},"level":"info"}
{"message":{"error":{"code":"ER_BAD_FIELD_ERROR","errno":1054,"sqlMessage":"Unknown column 'quantity' in 'field list'","sqlState":"42S22","index":0,"sql":"SELECT raw_material_code,quantity FROM finished_goods_detail WHERE code = '232'"},"where":"POST /finished_good/production SELECT raw_material_code,quantity FROM finished_goods_detail WHERE code = '232'","time":"2018-10-29T20:57:52.529Z"},"level":"error"}
{"message":{"where":"POST /finished_good/production UPDATE finished_goods SET stock = stock + 23 WHERE code ='232'","time":"2018-10-29T20:58:34.974Z"},"level":"info"}
{"message":{"where":"POST /finished_good/production INSERT INTO production SET ?","what":{"FG_code":"232","quantity":"23"},"time":"2018-10-29T20:58:35.074Z"},"level":"info"}
{"message":{"error":{"code":"ER_BAD_FIELD_ERROR","errno":1054,"sqlMessage":"Unknown column 'quantity' in 'field list'","sqlState":"42S22","index":0,"sql":"SELECT raw_material_code,quantity FROM finished_goods_detail WHERE code = '232'"},"where":"POST /finished_good/production SELECT raw_material_code,quantity FROM finished_goods_detail WHERE code = '232'","time":"2018-10-29T20:58:35.077Z"},"level":"error"}
{"message":{"error":{"code":"ER_TRUNCATED_WRONG_VALUE","errno":1292,"sqlMessage":"Truncated incorrect DOUBLE value: 'deem'","sqlState":"22007","index":0,"sql":"UPDATE finished_goods SET stock = stock + 123 WHERE code ='deem'"},"where":"POST /finished_good/production UPDATE finished_goods SET stock = stock + 123 WHERE code ='deem'","time":"2018-10-29T20:58:49.569Z"},"level":"error"}
{"message":{"error":{"code":"ER_TRUNCATED_WRONG_VALUE","errno":1292,"sqlMessage":"Truncated incorrect DOUBLE value: 'mf3'","sqlState":"22007","index":0,"sql":"UPDATE finished_goods SET stock = stock + 23 WHERE code ='mf3'"},"where":"POST /finished_good/production UPDATE finished_goods SET stock = stock + 23 WHERE code ='mf3'","time":"2018-10-29T20:59:08.292Z"},"level":"error"}
