{"message":{"where":"POST /finished_good/new INSERT INTO finished_goods SET ?","what":{"code":"484","name":"Goods","customer":"XY","category":"Fuse Box"},"time":"2018-11-01T09:48:36.219Z"},"level":"info"}
{"message":{"error":{"code":"ER_BAD_FIELD_ERROR","errno":1054,"sqlMessage":"Unknown column 'quantity' in 'field list'","sqlState":"42S22","index":0,"sql":"INSERT INTO finished_goods_detail SET `code` = '484', `raw_material_code` = 'undefined', `quantity` = '2'"},"where":"POST /finished_good/new INSERT INTO finished_goods_detail SET ?","time":"2018-11-01T09:48:36.236Z"},"level":"error"}
{"message":{"error":{},"where":"POST /finished_good/new INSERT INTO finished_goods_detail SET ?","time":"2018-11-01T09:48:36.241Z"},"level":"error"}
{"message":{"error":{"code":"ER_BAD_FIELD_ERROR","errno":1054,"sqlMessage":"Unknown column 'quantity' in 'field list'","sqlState":"42S22","index":0,"sql":"INSERT INTO finished_goods_detail SET `code` = '484', `raw_material_code` = '67', `quantity` = '40'"},"where":"POST /finished_good/484/new INSERT INTO finished_goods_detail SET ?","time":"2018-11-01T09:49:11.494Z"},"level":"error"}
{"message":{"where":"PUT /finished_good/560?_method=PUT UPDATE finished_goods SET ? WHERE code ='560'","time":"2018-11-01T18:25:47.780Z"},"level":"info"}
{"message":{"where":"PUT /finished_good/560?_method=PUT DELETE FROM finished_goods_detail WHERE code='560'","time":"2018-11-01T18:25:47.784Z"},"level":"info"}
{"message":{"error":{},"where":"PUT /finished_good/560?_method=PUT DELETE FROM finished_goods_detail WHERE code='560'","time":"2018-11-01T18:25:47.784Z"},"level":"error"}
{"message":{"error":{"code":"ER_BAD_FIELD_ERROR","errno":1054,"sqlMessage":"Unknown column 'quantity' in 'field list'","sqlState":"42S22","index":0,"sql":"INSERT INTO finished_goods_detail SET `code` = '560', `raw_material_code` = '132', `quantity` = '40'"},"where":"POST /finished_good/560/new INSERT INTO finished_goods_detail SET ?","time":"2018-11-01T18:28:47.498Z"},"level":"error"}
{"message":{"error":{"code":"ER_BAD_FIELD_ERROR","errno":1054,"sqlMessage":"Unknown column 'quantity' in 'field list'","sqlState":"42S22","index":0,"sql":"INSERT INTO finished_goods_detail SET `code` = '560', `raw_material_code` = '132', `quantity` = '40'"},"where":"POST /finished_good/560/new INSERT INTO finished_goods_detail SET ?","time":"2018-11-01T18:30:37.837Z"},"level":"error"}
{"message":{"where":"PUT /finished_good/560?_method=PUT UPDATE finished_goods SET ? WHERE code ='560'","time":"2018-11-01T18:30:44.031Z"},"level":"info"}
{"message":{"where":"PUT /finished_good/560?_method=PUT DELETE FROM finished_goods_detail WHERE code='560'","time":"2018-11-01T18:30:44.032Z"},"level":"info"}
{"message":{"error":{},"where":"PUT /finished_good/560?_method=PUT DELETE FROM finished_goods_detail WHERE code='560'","time":"2018-11-01T18:30:44.032Z"},"level":"error"}
{"message":{"where":"POST /finished_good/new INSERT INTO finished_goods SET ?","what":{"code":"679","name":"For X zone","customer":"PX","category":"Battery Cable"},"time":"2018-11-01T18:32:04.469Z"},"level":"info"}
{"message":{"error":{"code":"ER_BAD_FIELD_ERROR","errno":1054,"sqlMessage":"Unknown column 'quantity' in 'field list'","sqlState":"42S22","index":0,"sql":"INSERT INTO finished_goods_detail SET `code` = '679', `raw_material_code` = 'undefined', `quantity` = '50'"},"where":"POST /finished_good/new INSERT INTO finished_goods_detail SET ?","time":"2018-11-01T18:32:04.471Z"},"level":"error"}
{"message":{"error":{"code":"ER_BAD_FIELD_ERROR","errno":1054,"sqlMessage":"Unknown column 'quantity' in 'field list'","sqlState":"42S22","index":0,"sql":"INSERT INTO finished_goods_detail SET `code` = '679', `raw_material_code` = 'undefined', `quantity` = '40'"},"where":"POST /finished_good/new INSERT INTO finished_goods_detail SET ?","time":"2018-11-01T18:32:04.475Z"},"level":"error"}
{"message":{"error":{},"where":"POST /finished_good/new INSERT INTO finished_goods_detail SET ?","time":"2018-11-01T18:32:04.481Z"},"level":"error"}
{"message":{"where":"PUT /finished_good/679?_method=PUT UPDATE finished_goods SET ? WHERE code ='679'","time":"2018-11-01T19:01:28.960Z"},"level":"info"}
{"message":{"where":"PUT /finished_good/679?_method=PUT DELETE FROM finished_goods_detail WHERE code='679'","time":"2018-11-01T19:01:28.961Z"},"level":"info"}
{"message":{"error":{},"where":"PUT /finished_good/679?_method=PUT DELETE FROM finished_goods_detail WHERE code='679'","time":"2018-11-01T19:01:28.961Z"},"level":"error"}
{"message":{"where":"DELETE /finished_good/679?_method=DELETE DELETE FROM finished_goods WHERE code='679'","time":"2018-11-01T19:04:26.927Z"},"level":"info"}
{"message":{"where":"DELETE /finished_good/679?_method=DELETE DELETE FROM finished_goods_detail WHERE code='679'","time":"2018-11-01T19:04:26.928Z"},"level":"info"}
{"message":{"where":"PUT /finished_good/484?_method=PUT UPDATE finished_goods SET ? WHERE code ='484'","time":"2018-11-01T19:06:30.581Z"},"level":"info"}
{"message":{"where":"PUT /finished_good/484?_method=PUT DELETE FROM finished_goods_detail WHERE code='484'","time":"2018-11-01T19:06:30.582Z"},"level":"info"}
{"message":{"error":{},"where":"PUT /finished_good/484?_method=PUT DELETE FROM finished_goods_detail WHERE code='484'","time":"2018-11-01T19:06:30.582Z"},"level":"error"}
{"message":{"where":"PUT /finished_good/484?_method=PUT UPDATE finished_goods SET ? WHERE code ='484'","time":"2018-11-01T19:07:14.908Z"},"level":"info"}
{"message":{"where":"PUT /finished_good/484?_method=PUT DELETE FROM finished_goods_detail WHERE code='484'","time":"2018-11-01T19:07:14.909Z"},"level":"info"}
{"message":{"error":{},"where":"PUT /finished_good/484?_method=PUT DELETE FROM finished_goods_detail WHERE code='484'","time":"2018-11-01T19:07:14.909Z"},"level":"error"}
{"message":{"where":"POST /finished_good/production UPDATE finished_goods SET stock = stock + 21 WHERE code ='560'","time":"2018-11-01T20:32:11.897Z"},"level":"info"}
{"message":{"where":"POST /finished_good/production INSERT INTO production SET ?","what":{"FG_code":"560","quantity":"21"},"time":"2018-11-01T20:32:11.899Z"},"level":"info"}
{"message":{"error":{"code":"ER_BAD_FIELD_ERROR","errno":1054,"sqlMessage":"Unknown column 'quantity' in 'field list'","sqlState":"42S22","index":0,"sql":"SELECT raw_material_code,quantity FROM finished_goods_detail WHERE code = '560'"},"where":"POST /finished_good/production SELECT raw_material_code,quantity FROM finished_goods_detail WHERE code = '560'","time":"2018-11-01T20:32:11.905Z"},"level":"error"}
