{"message":{"error":{"code":"ER_BAD_FIELD_ERROR","errno":1054,"sqlMessage":"Unknown column 'raw_desc' in 'field list'","sqlState":"42S22","index":0,"sql":"INSERT INTO PO_detail SET `PO_code` = '1', `date` = '2018-10-05', `raw_desc` = '2 FW 090 FHCL PBT NAT', `quantity` = '1250', `initial_quantity` = '1250', `no` = 0, `DTPL_code` = ''"},"where":"POST /PO/generate INSERT INTO PO_detail SET ?","time":"1538761460716"},"level":"error"}
{"message":{"error":{"code":"ER_PARSE_ERROR","errno":1064,"sqlMessage":"You have an error in your SQL syntax; check the manual that corresponds to your MySQL server version for the right syntax to use near 'FW 090 FHCL PBT NAT' at line 1","sqlState":"42000","index":0,"sql":"UPDATE raw_material SET monthly_requirement = 1250 WHERE name = 2 FW 090 FHCL PBT NAT"},"where":"POST /PO/generate UPDATE raw_material SET monthly_requirement = 1250 WHERE name = 2 FW 090 FHCL PBT NAT","time":"1538761460722"},"level":"error"}
{"message":{"error":{"code":"ER_BAD_FIELD_ERROR","errno":1054,"sqlMessage":"Unknown column 'raw_desc' in 'field list'","sqlState":"42S22","index":0,"sql":"INSERT INTO PO_detail SET `PO_code` = '1', `date` = '2018-10-05', `raw_desc` = '3FK 250 MH PA 66NAT', `quantity` = '-5750', `initial_quantity` = '-5750', `no` = 1, `DTPL_code` = '40111009-00'"},"where":"POST /PO/generate INSERT INTO PO_detail SET ?","time":"1538761460727"},"level":"error"}
{"message":{"error":{"code":"ER_BAD_FIELD_ERROR","errno":1054,"sqlMessage":"Unknown column 'no' in 'field list'","sqlState":"42S22","index":0,"sql":"INSERT INTO PO_detail SET `PO_code` = '1', `date` = '2018-10-05', `raw_desc` = '2 FW 090 FHCL PBT NAT', `quantity` = '1250', `initial_quantity` = '1250', `no` = 0, `DTPL_code` = ''"},"where":"POST /PO/generate INSERT INTO PO_detail SET ?","time":"1538761590155"},"level":"error"}
{"message":{"error":{"code":"ER_PARSE_ERROR","errno":1064,"sqlMessage":"You have an error in your SQL syntax; check the manual that corresponds to your MySQL server version for the right syntax to use near 'FW 090 FHCL PBT NAT' at line 1","sqlState":"42000","index":0,"sql":"UPDATE raw_material SET monthly_requirement = 1250 WHERE name = 2 FW 090 FHCL PBT NAT"},"where":"POST /PO/generate UPDATE raw_material SET monthly_requirement = 1250 WHERE name = 2 FW 090 FHCL PBT NAT","time":"1538761590159"},"level":"error"}
{"message":{"error":{"code":"ER_BAD_FIELD_ERROR","errno":1054,"sqlMessage":"Unknown column 'no' in 'field list'","sqlState":"42S22","index":0,"sql":"INSERT INTO PO_detail SET `PO_code` = '1', `date` = '2018-10-05', `raw_desc` = '3FK 250 MH PA 66NAT', `quantity` = '-5750', `initial_quantity` = '-5750', `no` = 1, `DTPL_code` = '40111009-00'"},"where":"POST /PO/generate INSERT INTO PO_detail SET ?","time":"1538761590161"},"level":"error"}
{"message":{"where":"POST /PO/generate INSERT INTO PO_detail SET ?","what":{"PO_code":"1","date":"2018-10-05","raw_desc":"2 FW 090 FHCL PBT NAT","quantity":"1250","initial_quantity":"1250","no":0,"DTPL_code":""},"time":"1538761621681"},"level":"info"}
{"message":{"error":{"code":"ER_PARSE_ERROR","errno":1064,"sqlMessage":"You have an error in your SQL syntax; check the manual that corresponds to your MySQL server version for the right syntax to use near 'FW 090 FHCL PBT NAT' at line 1","sqlState":"42000","index":0,"sql":"UPDATE raw_material SET monthly_requirement = 1250 WHERE name = 2 FW 090 FHCL PBT NAT"},"where":"POST /PO/generate UPDATE raw_material SET monthly_requirement = 1250 WHERE name = 2 FW 090 FHCL PBT NAT","time":"1538761621686"},"level":"error"}
{"message":{"where":"POST /PO/generate INSERT INTO PO_detail SET ?","what":{"PO_code":"1","date":"2018-10-05","raw_desc":"3FK 250 MH PA 66NAT","quantity":"-5750","initial_quantity":"-5750","no":1,"DTPL_code":"40111009-00"},"time":"1538761621700"},"level":"info"}
{"message":{"error":{"code":"ER_PARSE_ERROR","errno":1064,"sqlMessage":"You have an error in your SQL syntax; check the manual that corresponds to your MySQL server version for the right syntax to use near '250 MH PA 66NAT' at line 1","sqlState":"42000","index":0,"sql":"UPDATE raw_material SET monthly_requirement = -5750 WHERE name = 3FK 250 MH PA 66NAT"},"where":"POST /PO/generate UPDATE raw_material SET monthly_requirement = -5750 WHERE name = 3FK 250 MH PA 66NAT","time":"1538761621701"},"level":"error"}
{"message":{"where":"POST /PO/generate INSERT INTO PO_detail SET ?","what":{"PO_code":"1","date":"2018-10-05","raw_desc":"4 FW 090 FHCL PA 66 RED ","quantity":"1250","initial_quantity":"1250","no":2,"DTPL_code":"42122005-30"},"time":"1538761621706"},"level":"info"}
{"message":{"error":{"code":"ER_PARSE_ERROR","errno":1064,"sqlMessage":"You have an error in your SQL syntax; check the manual that corresponds to your MySQL server version for the right syntax to use near 'FW 090 FHCL PA 66 RED' at line 1","sqlState":"42000","index":0,"sql":"UPDATE raw_material SET monthly_requirement = 1250 WHERE name = 4 FW 090 FHCL PA 66 RED "},"where":"POST /PO/generate UPDATE raw_material SET monthly_requirement = 1250 WHERE name = 4 FW 090 FHCL PA 66 RED ","time":"1538761621707"},"level":"error"}
{"message":{"where":"POST /PO/generate INSERT INTO PO_detail SET ?","what":{"PO_code":"1","date":"2018-10-05","raw_desc":"2 FW 090 FHCL PBT NAT","quantity":"1250","initial_quantity":"1250","no":0,"DTPL_code":""},"time":"1538761712953"},"level":"info"}
{"message":{"where":"POST /PO/generate UPDATE raw_material SET monthly_requirement = 1250 WHERE name = '2 FW 090 FHCL PBT NAT'","time":"1538761712965"},"level":"info"}
{"message":{"where":"POST /PO/generate INSERT INTO PO_detail SET ?","what":{"PO_code":"1","date":"2018-10-05","raw_desc":"3FK 250 MH PA 66NAT","quantity":"-5750","initial_quantity":"-5750","no":1,"DTPL_code":"40111009-00"},"time":"1538761712969"},"level":"info"}
{"message":{"where":"POST /PO/generate UPDATE raw_material SET monthly_requirement = -5750 WHERE name = '3FK 250 MH PA 66NAT'","time":"1538761712970"},"level":"info"}
{"message":{"where":"POST /PO/generate INSERT INTO PO_detail SET ?","what":{"PO_code":"1","date":"2018-10-05","raw_desc":"4 FW 090 FHCL PA 66 RED ","quantity":"1250","initial_quantity":"1250","no":2,"DTPL_code":"42122005-30"},"time":"1538761712973"},"level":"info"}
{"message":{"where":"POST /PO/generate UPDATE raw_material SET monthly_requirement = 1250 WHERE name = '4 FW 090 FHCL PA 66 RED '","time":"1538761712978"},"level":"info"}
{"message":{"where":"POST /PO/generate INSERT INTO PO_detail SET ?","what":{"PO_code":"1","date":"2018-10-05","raw_desc":"6 FW 090 FHCL PA 66 NAT.","quantity":"-7800","initial_quantity":"-7800","no":3,"DTPL_code":"42122007-00"},"time":"1538761712982"},"level":"info"}
{"message":{"where":"POST /PO/generate UPDATE raw_material SET monthly_requirement = -7800 WHERE name = '6 FW 090 FHCL PA 66 NAT.'","time":"1538761712986"},"level":"info"}
{"message":{"where":"POST /PO/generate INSERT INTO PO_detail SET ?","what":{"PO_code":"1","date":"2018-10-05","raw_desc":"6 FK 110 NAT-NY66","quantity":"2500","initial_quantity":"2500","no":4,"DTPL_code":"40101009-00"},"time":"1538761712990"},"level":"info"}
{"message":{"where":"POST /PO/generate UPDATE raw_material SET monthly_requirement = 2500 WHERE name = '6 FK 110 NAT-NY66'","time":"1538761712994"},"level":"info"}
{"message":{"where":"POST /PO/generate INSERT INTO PO_detail SET ?","what":{"PO_code":"1","date":"2018-10-05","raw_desc":"HOUS 2PF FS NAT 250 SRS /DTPL NO 40111011-00","quantity":"1250","initial_quantity":"1250","no":5,"DTPL_code":""},"time":"1538761712998"},"level":"info"}
{"message":{"where":"POST /PO/generate UPDATE raw_material SET monthly_requirement = 1250 WHERE name = 'HOUS 2PF FS NAT 250 SRS /DTPL NO 40111011-00'","time":"1538761713002"},"level":"info"}
{"message":{"where":"POST /PO/generate INSERT INTO PO_detail SET ?","what":{"PO_code":"2","date":"2018-10-05","raw_desc":"Solder Rod","quantity":"0","initial_quantity":"0","no":0,"DTPL_code":"30020032-00"},"time":"1538761713005"},"level":"info"}
{"message":{"where":"POST /PO/generate UPDATE raw_material SET monthly_requirement = 0 WHERE name = 'Solder Rod'","time":"1538761713011"},"level":"info"}
{"message":{"where":"POST /PO/generate INSERT INTO PO_detail SET ?","what":{"PO_code":"2","date":"2018-10-05","raw_desc":"Flux","quantity":"-70","initial_quantity":"-70","no":1,"DTPL_code":"30020034-00"},"time":"1538761713015"},"level":"info"}
{"message":{"where":"POST /PO/generate UPDATE raw_material SET monthly_requirement = -70 WHERE name = 'Flux'","time":"1538761713019"},"level":"info"}
{"message":{"where":"POST /PO/generate INSERT INTO PO_detail SET ?","what":{"PO_code":"3","date":"2018-10-05","raw_desc":"Gromeet 544","quantity":"1250","initial_quantity":"1250","no":0,"DTPL_code":"58110108-10"},"time":"1538761713024"},"level":"info"}
{"message":{"where":"POST /PO/generate UPDATE raw_material SET monthly_requirement = 1250 WHERE name = 'Gromeet 544'","time":"1538761713032"},"level":"info"}
{"message":{"where":"POST /PO/generate INSERT INTO PO_detail SET ?","what":{"PO_code":"3","date":"2018-10-05","raw_desc":"Gromeet 566","quantity":"-1900","initial_quantity":"-1900","no":1,"DTPL_code":"58110150-10"},"time":"1538761713035"},"level":"info"}
{"message":{"where":"POST /PO/generate UPDATE raw_material SET monthly_requirement = -1900 WHERE name = 'Gromeet 566'","time":"1538761713040"},"level":"info"}
{"message":{"where":"POST /PO/generate INSERT INTO PO_detail SET ?","what":{"PO_code":"3","date":"2018-10-05","raw_desc":"PVC TAPE TESA BLACK","quantity":"-790","initial_quantity":"-790","no":2,"DTPL_code":"61010001-10"},"time":"1538761713044"},"level":"info"}
{"message":{"where":"POST /PO/generate UPDATE raw_material SET monthly_requirement = -790 WHERE name = 'PVC TAPE TESA BLACK'","time":"1538761713049"},"level":"info"}
{"message":{"where":"POST /PO/generate INSERT INTO PO_detail SET ?","what":{"PO_code":"3","date":"2018-10-05","raw_desc":"PVC TAPE TESA GREEN","quantity":"-480","initial_quantity":"-480","no":3,"DTPL_code":"61010001-30"},"time":"1538761713050"},"level":"info"}
{"message":{"where":"POST /PO/generate UPDATE raw_material SET monthly_requirement = -480 WHERE name = 'PVC TAPE TESA GREEN'","time":"1538761713054"},"level":"info"}
{"message":{"where":"POST /PO/generate INSERT INTO PO_detail SET ?","what":{"PO_code":"4","date":"2018-10-05","raw_desc":"BLACK/YELLOW 0.5MM2 FLRYB","quantity":"-9270","initial_quantity":"-9270","no":0,"DTPL_code":"FLRY-B 0.50 B-Y"},"time":"1538761713058"},"level":"info"}
{"message":{"where":"POST /PO/generate UPDATE raw_material SET monthly_requirement = -9270 WHERE name = 'BLACK/YELLOW 0.5MM2 FLRYB'","time":"1538761713062"},"level":"info"}
{"message":{"where":"POST /PO/generate INSERT INTO PO_detail SET ?","what":{"PO_code":"4","date":"2018-10-05","raw_desc":"BLACK/WHITE 0.5MM2 FLRYB","quantity":"490","initial_quantity":"490","no":1,"DTPL_code":"FLRY-B 0.50 B-W"},"time":"1538761713065"},"level":"info"}
{"message":{"where":"POST /PO/generate UPDATE raw_material SET monthly_requirement = 490 WHERE name = 'BLACK/WHITE 0.5MM2 FLRYB'","time":"1538761713069"},"level":"info"}
{"message":{"where":"POST /PO/generate INSERT INTO PO SET ?","what":{"code":"1","supplier_code":"Besmak","date":"2018-10-05","pending":"Open"},"time":"1538761713070"},"level":"info"}
{"message":{"where":"POST /PO/generate INSERT INTO PO SET ?","what":{"code":"2","supplier_code":"BT","date":"2018-10-05","pending":"Open"},"time":"1538761713073"},"level":"info"}
{"message":{"where":"POST /PO/generate INSERT INTO PO SET ?","what":{"code":"3","supplier_code":"DTPL P-I","date":"2018-10-05","pending":"Open"},"time":"1538761713080"},"level":"info"}
{"message":{"where":"POST /PO/generate INSERT INTO PO SET ?","what":{"code":"4","supplier_code":"DTPL P-II","date":"2018-10-05","pending":"Open"},"time":"1538761713083"},"level":"info"}
{"message":{"where":"GET /PO/4/close UPDATE PO SET pending = 'Closed' WHERE code='4'","time":"1538761788201"},"level":"info"}
{"message":{"where":"GET /PO/3/close UPDATE PO SET pending = 'Closed' WHERE code='3'","time":"1538761816757"},"level":"info"}
